Starting NEI Filter scripting. This might take a moment to load all the modules...
Engine: JAVASCRIPT
Setting up Java Library...
Setting up FML Library...
Setting up NEI Library...
Setting up CreativeTab library...
DragonAPI:minecraft:bed_technical has a bad registry name! Attempting to parse and reassemble correctly...
Parsed bad name into: modid: DragonAPI, name: minecraft:bed_technical. If this is not correct please report it as a bug!
DragonAPI:minecraft:brewing_stand_technical has a bad registry name! Attempting to parse and reassemble correctly...
Parsed bad name into: modid: DragonAPI, name: minecraft:brewing_stand_technical. If this is not correct please report it as a bug!
DragonAPI:minecraft:cake_technical has a bad registry name! Attempting to parse and reassemble correctly...
Parsed bad name into: modid: DragonAPI, name: minecraft:cake_technical. If this is not correct please report it as a bug!
DragonAPI:minecraft:cauldron_technical has a bad registry name! Attempting to parse and reassemble correctly...
Parsed bad name into: modid: DragonAPI, name: minecraft:cauldron_technical. If this is not correct please report it as a bug!
DragonAPI:minecraft:flower_pot_technical has a bad registry name! Attempting to parse and reassemble correctly...
Parsed bad name into: modid: DragonAPI, name: minecraft:flower_pot_technical. If this is not correct please report it as a bug!
DragonAPI:minecraft:iron_door_technical has a bad registry name! Attempting to parse and reassemble correctly...
Parsed bad name into: modid: DragonAPI, name: minecraft:iron_door_technical. If this is not correct please report it as a bug!
DragonAPI:minecraft:lit_redstone_lamp_technical has a bad registry name! Attempting to parse and reassemble correctly...
Parsed bad name into: modid: DragonAPI, name: minecraft:lit_redstone_lamp_technical. If this is not correct please report it as a bug!
DragonAPI:minecraft:lit_redstone_ore_technical has a bad registry name! Attempting to parse and reassemble correctly...
Parsed bad name into: modid: DragonAPI, name: minecraft:lit_redstone_ore_technical. If this is not correct please report it as a bug!
DragonAPI:minecraft:melon_stem_technical has a bad registry name! Attempting to parse and reassemble correctly...
Parsed bad name into: modid: DragonAPI, name: minecraft:melon_stem_technical. If this is not correct please report it as a bug!
DragonAPI:minecraft:nether_wart_technical has a bad registry name! Attempting to parse and reassemble correctly...
Parsed bad name into: modid: DragonAPI, name: minecraft:nether_wart_technical. If this is not correct please report it as a bug!
DragonAPI:minecraft:piston_head_technical has a bad registry name! Attempting to parse and reassemble correctly...
Parsed bad name into: modid: DragonAPI, name: minecraft:piston_head_technical. If this is not correct please report it as a bug!
DragonAPI:minecraft:powered_comparator_technical has a bad registry name! Attempting to parse and reassemble correctly...
Parsed bad name into: modid: DragonAPI, name: minecraft:powered_comparator_technical. If this is not correct please report it as a bug!
DragonAPI:minecraft:powered_repeater_technical has a bad registry name! Attempting to parse and reassemble correctly...
Parsed bad name into: modid: DragonAPI, name: minecraft:powered_repeater_technical. If this is not correct please report it as a bug!
DragonAPI:minecraft:pumpkin_stem_technical has a bad registry name! Attempting to parse and reassemble correctly...
Parsed bad name into: modid: DragonAPI, name: minecraft:pumpkin_stem_technical. If this is not correct please report it as a bug!
DragonAPI:minecraft:redstone_wire_technical has a bad registry name! Attempting to parse and reassemble correctly...
Parsed bad name into: modid: DragonAPI, name: minecraft:redstone_wire_technical. If this is not correct please report it as a bug!
DragonAPI:minecraft:reeds_technical has a bad registry name! Attempting to parse and reassemble correctly...
Parsed bad name into: modid: DragonAPI, name: minecraft:reeds_technical. If this is not correct please report it as a bug!
DragonAPI:minecraft:skull_technical has a bad registry name! Attempting to parse and reassemble correctly...
Parsed bad name into: modid: DragonAPI, name: minecraft:skull_technical. If this is not correct please report it as a bug!
DragonAPI:minecraft:standing_sign_technical has a bad registry name! Attempting to parse and reassemble correctly...
Parsed bad name into: modid: DragonAPI, name: minecraft:standing_sign_technical. If this is not correct please report it as a bug!
DragonAPI:minecraft:tripwire_technical has a bad registry name! Attempting to parse and reassemble correctly...
Parsed bad name into: modid: DragonAPI, name: minecraft:tripwire_technical. If this is not correct please report it as a bug!
DragonAPI:minecraft:unlit_redstone_torch_technical has a bad registry name! Attempting to parse and reassemble correctly...
Parsed bad name into: modid: DragonAPI, name: minecraft:unlit_redstone_torch_technical. If this is not correct please report it as a bug!
DragonAPI:minecraft:unpowered_comparator_technical has a bad registry name! Attempting to parse and reassemble correctly...
Parsed bad name into: modid: DragonAPI, name: minecraft:unpowered_comparator_technical. If this is not correct please report it as a bug!
DragonAPI:minecraft:unpowered_repeater_technical has a bad registry name! Attempting to parse and reassemble correctly...
Parsed bad name into: modid: DragonAPI, name: minecraft:unpowered_repeater_technical. If this is not correct please report it as a bug!
DragonAPI:minecraft:wall_sign_technical has a bad registry name! Attempting to parse and reassemble correctly...
Parsed bad name into: modid: DragonAPI, name: minecraft:wall_sign_technical. If this is not correct please report it as a bug!
DragonAPI:minecraft:wheat_technical has a bad registry name! Attempting to parse and reassemble correctly...
Parsed bad name into: modid: DragonAPI, name: minecraft:wheat_technical. If this is not correct please report it as a bug!
DragonAPI:minecraft:wooden_door_technical has a bad registry name! Attempting to parse and reassemble correctly...
Parsed bad name into: modid: DragonAPI, name: minecraft:wooden_door_technical. If this is not correct please report it as a bug!
Found creative tab: tabBloodMagic
Found creative tab: misc
Found creative tab: Automagy
Found creative tab: tab.backpacks
Found creative tab: materials
Found creative tab: tools
Found creative tab: BiblioCraft
Found creative tab: BiblioCraftLights
Found creative tab: BiblioWoodsBoP
Found creative tab: BiblioWoodsHighlands
Found creative tab: BiblioWoodsNatura
Found creative tab: tabBiomesOPlenty
Found creative tab: tabBloodUtilsMain
Found creative tab: Botania
Found creative tab: buildcraft.blocks
Found creative tab: buildcraft.items
Found creative tab: buildcraft.boards
Found creative tab: buildcraft.pipes
Found creative tab: buildcraft.facades
Found creative tab: CarpentersBlocks
Found creative tab: ComputerCraft
Found creative tab: EnderIO
Found creative tab: decorations
Found creative tab: EnderTechAll
Found creative tab: buildingBlocks
Found creative tab: extraUtil
Found creative tab: combat
Found creative tab: extraUtil_FMP
Found creative tab: forbidden
Found creative tab: mobcrystal
Found creative tab: forestry
Found creative tab: GeoStrata
Found creative tab: GeoStrata Ores
Found creative tab: GeoStrata Slabs
Found creative tab: GeoStrata Stairs
Found creative tab: tabGraveStone
Found creative tab: tabGrowthCraft
Found creative tab: tabGrCCellar
Found creative tab: tabHardcoreEnderExpansion
Found creative tab: Highlands
Found creative tab: jabba
Found creative tab: tabMekanism
Found creative tab: Metallurgy.Tools
Found creative tab: Metallurgy.Items
Found creative tab: Metallurgy.Machines
Found creative tab: Metallurgy.Blocks
Found creative tab: Metallurgy.Armor
Found creative tab: metallurgyCore.items
Found creative tab: natura.plants
Found creative tab: transportation
Found creative tab: redstone
Found creative tab: natura.nether
Found creative tab: natura.trees
Found creative tab: food
Found creative tab: Nether Ores
Found creative tab: tabOpenBlocks
Found creative tab: tabOpenPeripheralAddons
Found creative tab: TConstructBlocks
Found creative tab: core
Found creative tab: ill
Found creative tab: int
Found creative tab: trans
Found creative tab: RArm.creativeTab
Found creative tab: railcraft
Found creative tab: Random Things
Found creative tab: redstonearsenal.creativeTab
Found creative tab: RefinedRelocation
Found creative tab: tabSanguimancy
Found creative tab: SC2Blocks
Found creative tab: SC2Modules
Found creative tab: SC2Items
Found creative tab: sfm
Found creative tab: steves_production
Found creative tab: storageDrawers
Found creative tab: TConstructWeaponry
Found creative tab: TConstructParts
Found creative tab: TConstructTools
Found creative tab: TConstructMaterials
Found creative tab: TConstructEquipables
Found creative tab: TMechworks
Found creative tab: thaumcraft
Found creative tab: thaumicExploration
Found creative tab: ThaumicTinkerer
Found creative tab: brewing
Found creative tab: thermalexpansion.creativeTabBlocks
Found creative tab: thermalexpansion.creativeTabItems
Found creative tab: thermalexpansion.creativeTabTools
Found creative tab: thermalexpansion.creativeTabFlorbs
Found creative tab: thermalfoundation.creativeTab
Found creative tab: tubes
Found creative tab: bdew.generators
Found creative tab: aobd
Found creative tab: appliedenergistics2
Found creative tab: appliedenergistics2.facades
Found creative tab: lycanitesmobs.creatures
Found creative tab: lycanitesmobs.items
Found creative tab: tabWoodChiselBlocks
Found creative tab: tabModdedChiselBlocks
Found creative tab: tabStoneChiselBlocks
Found creative tab: tabOtherChiselBlocks
Found creative tab: tabChisel
Found creative tab: tabMetalChiselBlocks
Found creative tab: enderutilities
Found creative tab: enhancedportals
Found creative tab: feedthecreepertweaks.creativeTab
Found creative tab: funkylocomotion
Found creative tab: headcrumbs
Found creative tab: tabModularSystems
Found creative tab: PATab
Found creative tab: tabSimplyJetpacks
Setting up ForgeMicroblock Library...
Setting up ExtraUtilities Library...
Setting up BuildCraft Library...
Setting up Applied Energistics 2 Library...
Loading table of contents for module: custom_nei_filters, 1.0, Author: denoflionsx
Bootstrap setting found. Loading: Bootstrap.js
Loading: vanilla.js
The function hide_block is deprecated. Please use hide instead! This function will be removed in a future version!
hide called. Params: minecraft, portal
Regex match found! minecraft:portal matches minecraft:portal.
Found ItemStack minecraft:portal. 64xtile.portal@0
The function hide_block_vanilla is deprecated. Please use hide instead! This function will be removed in a future version!
The function hide_block is deprecated. Please use hide instead! This function will be removed in a future version!
hide called. Params: minecraft, end_portal
Regex match found! minecraft:end_portal matches minecraft:end_portal.
Found ItemStack minecraft:end_portal. 64xtile.null@0
The function hide_block_vanilla is deprecated. Please use hide instead! This function will be removed in a future version!
The function hide_block is deprecated. Please use hide instead! This function will be removed in a future version!
hide called. Params: minecraft, mob_spawner
Regex match found! minecraft:mob_spawner matches minecraft:mob_spawner.
Found ItemStack minecraft:mob_spawner. 64xtile.mobSpawner@0
The function hide_block_vanilla is deprecated. Please use hide instead! This function will be removed in a future version!
The function hide_block is deprecated. Please use hide instead! This function will be removed in a future version!
hide called. Params: minecraft, fire
Regex match found! minecraft:fire matches minecraft:fire.
Found ItemStack minecraft:fire. 64xtile.fire@0
The function hide_block_vanilla is deprecated. Please use hide instead! This function will be removed in a future version!
The function hide_block is deprecated. Please use hide instead! This function will be removed in a future version!
hide called. Params: minecraft, water
Regex match found! minecraft:water matches minecraft:water.
Found ItemStack minecraft:water. 64xtile.water@0
The function hide_block_vanilla is deprecated. Please use hide instead! This function will be removed in a future version!
The function hide_block is deprecated. Please use hide instead! This function will be removed in a future version!
hide called. Params: minecraft, lava
Regex match found! minecraft:lava matches minecraft:lava.
Found ItemStack minecraft:lava. 64xtile.lava@0
The function hide_block_vanilla is deprecated. Please use hide instead! This function will be removed in a future version!
Loading: ThermalExpansion.js
The function override_item is deprecated. Please use override instead! This function will be removed in a future version!
override called. Params: ThermalExpansion, florb, 0,1
Regex match found! ThermalExpansion:florb matches ThermalExpansion:florb.
Found ItemStack ThermalExpansion:florb. 16xitem.thermalexpansion.florb@0
Loading: Mekanism.js
The function override_block is deprecated. Please use override instead! This function will be removed in a future version!
override called. Params: Mekanism, GasTank, 100
Regex match found! Mekanism:GasTank matches Mekanism:GasTank.
Found ItemStack Mekanism:GasTank. 1xtile.GasTank@0
Loading: ForgeMicroblock.js
getRandomMaterial called. Returned: tile.Decoration.BrickFancy_1
obliterate_microblocks called (version in info.inpureprojects.core.NEI.gtfoMicroblocks.ScriptObjects.ForgeMicroblockObject). Params: 1,2,4,257,258,260,513,514,516,769,770,772, tile.Decoration.BrickFancy_1
Loading: ExtraUtilities.js
The function override_block is deprecated. Please use override instead! This function will be removed in a future version!
override called. Params: ExtraUtilities, drum, 0,1
Regex match found! ExtraUtilities:drum matches ExtraUtilities:drum.
Found ItemStack ExtraUtilities:drum. 64xtile.extrautils:drum@0
getRandomMaterial called. Returned: tile.Decoration.BrickFancy_3
obliterate_microblocks called (version in info.inpureprojects.core.NEI.gtfoMicroblocks.ScriptObjects.ExtraUtilitiesObject). Params: 1,2,3, tile.Decoration.BrickFancy_3
Loading: BuildCraft.js
getFacadesSize called. Returned: 3476
obliterate_microblocks called (version in info.inpureprojects.core.NEI.gtfoMicroblocks.ScriptObjects.BCObject). Params: 1051
Loading: Bibliocraft.js
ReflectAllBlocks called. Params: jds.bibliocraft.blocks.BlockLoader. Total non-null blocks reflected: 31
ReflectAllItems called. Params: jds.bibliocraft.items.ItemLoader. Total non-null items reflected: 26
The function override_block is deprecated. Please use override instead! This function will be removed in a future version!
override called. Params: BiblioCraft, Bibliotheca, 0
Regex match found! BiblioCraft:Bibliotheca matches BiblioCraft:Bibliotheca.
Found ItemStack BiblioCraft:Bibliotheca. 64xtile.BiblioBookcase@0
The function override_block is deprecated. Please use override instead! This function will be removed in a future version!
override called. Params: BiblioCraft, Armor Stand, 0
The function override_block is deprecated. Please use override instead! This function will be removed in a future version!
override called. Params: BiblioCraft, BiblioPotionShelf, 0
Regex match found! BiblioCraft:BiblioPotionShelf matches BiblioCraft:BiblioPotionShelf.
Found ItemStack BiblioCraft:BiblioPotionShelf. 64xtile.BiblioPotionShelf@0
The function override_block is deprecated. Please use override instead! This function will be removed in a future version!
override called. Params: BiblioCraft, BiblioShelf, 0
Regex match found! BiblioCraft:BiblioShelf matches BiblioCraft:BiblioShelf.
Found ItemStack BiblioCraft:BiblioShelf. 64xtile.BiblioShelf@0
The function override_block is deprecated. Please use override instead! This function will be removed in a future version!
override called. Params: BiblioCraft, BiblioRack, 0
Regex match found! BiblioCraft:BiblioRack matches BiblioCraft:BiblioRack.
Found ItemStack BiblioCraft:BiblioRack. 64xtile.BiblioRack@0
The function override_block is deprecated. Please use override instead! This function will be removed in a future version!
override called. Params: BiblioCraft, BiblioCase, 0
Regex match found! BiblioCraft:BiblioCase matches BiblioCraft:BiblioCase.
Found ItemStack BiblioCraft:BiblioCase. 64xtile.BiblioCase@0
The function override_block is deprecated. Please use override instead! This function will be removed in a future version!
override called. Params: BiblioCraft, BiblioLabel, 0
Regex match found! BiblioCraft:BiblioLabel matches BiblioCraft:BiblioLabel.
Found ItemStack BiblioCraft:BiblioLabel. 64xtile.BiblioLabel@0
The function override_block is deprecated. Please use override instead! This function will be removed in a future version!
override called. Params: BiblioCraft, BiblioDesk, 0
Regex match found! BiblioCraft:BiblioDesk matches BiblioCraft:BiblioDesk.
Found ItemStack BiblioCraft:BiblioDesk. 64xtile.BiblioDesk@0
The function override_block is deprecated. Please use override instead! This function will be removed in a future version!
override called. Params: BiblioCraft, BiblioTable, 0
Regex match found! BiblioCraft:BiblioTable matches BiblioCraft:BiblioTable.
Found ItemStack BiblioCraft:BiblioTable. 64xtile.BiblioTable@0
The function override_block is deprecated. Please use override instead! This function will be removed in a future version!
override called. Params: BiblioCraft, BiblioLamp, 0
Regex match found! BiblioCraft:BiblioLamp matches BiblioCraft:BiblioLamp.
Found ItemStack BiblioCraft:BiblioLamp. 64xtile.BiblioLamp@0
The function override_block is deprecated. Please use override instead! This function will be removed in a future version!
override called. Params: BiblioCraft, BiblioIronLamp, 0
Regex match found! BiblioCraft:BiblioIronLamp matches BiblioCraft:BiblioIronLamp.
Found ItemStack BiblioCraft:BiblioIronLamp. 64xtile.BiblioIronLamp@0
The function override_block is deprecated. Please use override instead! This function will be removed in a future version!
override called. Params: BiblioCraft, BiblioLantern, 0
Regex match found! BiblioCraft:BiblioLantern matches BiblioCraft:BiblioLantern.
Found ItemStack BiblioCraft:BiblioLantern. 64xtile.BiblioLantern@0
The function override_block is deprecated. Please use override instead! This function will be removed in a future version!
override called. Params: BiblioCraft, BiblioIronLantern, 0
Regex match found! BiblioCraft:BiblioIronLantern matches BiblioCraft:BiblioIronLantern.
Found ItemStack BiblioCraft:BiblioIronLantern. 64xtile.BiblioIronLantern@0
The function override_block is deprecated. Please use override instead! This function will be removed in a future version!
override called. Params: BiblioCraft, Typesetting Machine, 0
The function override_block is deprecated. Please use override instead! This function will be removed in a future version!
override called. Params: BiblioCraft, Printing Press, 0
The function override_block is deprecated. Please use override instead! This function will be removed in a future version!
override called. Params: BiblioCraft, BiblioStuffs, 0
Regex match found! BiblioCraft:BiblioStuffs matches BiblioCraft:BiblioStuffs.
Found ItemStack BiblioCraft:BiblioStuffs. 64xtile.BiblioStuffs@0
The function override_block is deprecated. Please use override instead! This function will be removed in a future version!
override called. Params: BiblioCraft, BiblioMapFrames, 0
Regex match found! BiblioCraft:BiblioMapFrames matches BiblioCraft:BiblioMapFrames.
Found ItemStack BiblioCraft:BiblioMapFrames. 64xtile.BiblioMapFrames@0
The function override_block is deprecated. Please use override instead! This function will be removed in a future version!
override called. Params: BiblioCraft, BiblioSeats, 0
Regex match found! BiblioCraft:BiblioSeats matches BiblioCraft:BiblioSeats.
Found ItemStack BiblioCraft:BiblioSeats. 64xtile.BiblioSeats@0
The function override_block is deprecated. Please use override instead! This function will be removed in a future version!
override called. Params: BiblioCraft, BiblioSwordPedestal, 0
Regex match found! BiblioCraft:BiblioSwordPedestal matches BiblioCraft:BiblioSwordPedestal.
Found ItemStack BiblioCraft:BiblioSwordPedestal. 64xtile.BiblioSwordPedestal@0
The function override_block is deprecated. Please use override instead! This function will be removed in a future version!
override called. Params: BiblioCraft, BiblioFancySign, 0
Regex match found! BiblioCraft:BiblioFancySign matches BiblioCraft:BiblioFancySign.
Found ItemStack BiblioCraft:BiblioFancySign. 64xtile.BiblioFancySign@0
The function override_block is deprecated. Please use override instead! This function will be removed in a future version!
override called. Params: BiblioCraft, BiblioWorkbench, 0
Regex match found! BiblioCraft:BiblioWorkbench matches BiblioCraft:BiblioWorkbench.
Found ItemStack BiblioCraft:BiblioWorkbench. 64xtile.BiblioWorkbench@0
The function override_block is deprecated. Please use override instead! This function will be removed in a future version!
override called. Params: BiblioCraft, BiblioBell, 0
Regex match found! BiblioCraft:BiblioBell matches BiblioCraft:BiblioBell.
Found ItemStack BiblioCraft:BiblioBell. 64xtile.BiblioBell@0
The function override_block is deprecated. Please use override instead! This function will be removed in a future version!
override called. Params: BiblioCraft, BiblioTypewriter, 0
Regex match found! BiblioCraft:BiblioTypewriter matches BiblioCraft:BiblioTypewriter.
Found ItemStack BiblioCraft:BiblioTypewriter. 64xtile.BiblioTypewriter@0
The function override_block is deprecated. Please use override instead! This function will be removed in a future version!
override called. Params: BiblioCraft, BiblioClock, 0
Regex match found! BiblioCraft:BiblioClock matches BiblioCraft:BiblioClock.
Found ItemStack BiblioCraft:BiblioClock. 64xtile.BiblioClock@0
The function override_block is deprecated. Please use override instead! This function will be removed in a future version!
override called. Params: BiblioCraft, BiblioFlatPainting, 0
Regex match found! BiblioCraft:BiblioFlatPainting matches BiblioCraft:BiblioFlatPainting.
Found ItemStack BiblioCraft:BiblioFlatPainting. 64xtile.BiblioFlatPainting@0
The function override_block is deprecated. Please use override instead! This function will be removed in a future version!
override called. Params: BiblioCraft, BiblioSimplePainting, 0
Regex match found! BiblioCraft:BiblioSimplePainting matches BiblioCraft:BiblioSimplePainting.
Found ItemStack BiblioCraft:BiblioSimplePainting. 64xtile.BiblioSimplePainting@0
The function override_block is deprecated. Please use override instead! This function will be removed in a future version!
override called. Params: BiblioCraft, BiblioMiddlePainting, 0
Regex match found! BiblioCraft:BiblioMiddlePainting matches BiblioCraft:BiblioMiddlePainting.
Found ItemStack BiblioCraft:BiblioMiddlePainting. 64xtile.BiblioMiddlePainting@0
The function override_block is deprecated. Please use override instead! This function will be removed in a future version!
override called. Params: BiblioCraft, BiblioFancyPainting, 0
Regex match found! BiblioCraft:BiblioFancyPainting matches BiblioCraft:BiblioFancyPainting.
Found ItemStack BiblioCraft:BiblioFancyPainting. 64xtile.BiblioFancyPainting@0
The function override_block is deprecated. Please use override instead! This function will be removed in a future version!
override called. Params: BiblioCraft, BiblioBorderlessPainting, 0
Regex match found! BiblioCraft:BiblioBorderlessPainting matches BiblioCraft:BiblioBorderlessPainting.
Found ItemStack BiblioCraft:BiblioBorderlessPainting. 64xtile.BiblioBorderlessPainting@0
The function override_block is deprecated. Please use override instead! This function will be removed in a future version!
override called. Params: BiblioCraft, BiblioPaintPress, 0
Regex match found! BiblioCraft:BiblioPaintPress matches BiblioCraft:BiblioPaintPress.
Found ItemStack BiblioCraft:BiblioPaintPress. 64xtile.BiblioPaintPress@0
The function override_block is deprecated. Please use override instead! This function will be removed in a future version!
override called. Params: BiblioCraft, BookcaseFilled, 0
Regex match found! BiblioCraft:BookcaseFilled matches BiblioCraft:BookcaseFilled.
Found ItemStack BiblioCraft:BookcaseFilled. 64xtile.BookcaseFilled@0
The function override_item is deprecated. Please use override instead! This function will be removed in a future version!
override called. Params: BiblioCraft, item.tapeMeasure, 0
Regex match found! BiblioCraft:item.tapeMeasure matches BiblioCraft:item.tapeMeasure.
Found ItemStack BiblioCraft:item.tapeMeasure. 1xitem.tapeMeasure@0
The function override_item is deprecated. Please use override instead! This function will be removed in a future version!
override called. Params: BiblioCraft, item.tape, 0
Regex match found! BiblioCraft:item.tape matches BiblioCraft:item.tape.
Found ItemStack BiblioCraft:item.tape. 64xitem.tape@0
The function override_item is deprecated. Please use override instead! This function will be removed in a future version!
override called. Params: BiblioCraft, item.BiblioChase, 0
Regex match found! BiblioCraft:item.BiblioChase matches BiblioCraft:item.BiblioChase.
Found ItemStack BiblioCraft:item.BiblioChase. 64xitem.BiblioChase@0
The function override_item is deprecated. Please use override instead! This function will be removed in a future version!
override called. Params: BiblioCraft, item.PrintPlate, 0
Regex match found! BiblioCraft:item.PrintPlate matches BiblioCraft:item.PrintPlate.
Found ItemStack BiblioCraft:item.PrintPlate. 1xitem.PrintPlate@0
The function override_item is deprecated. Please use override instead! This function will be removed in a future version!
override called. Params: BiblioCraft, item.EnchantedPlate, 0
Regex match found! BiblioCraft:item.EnchantedPlate matches BiblioCraft:item.EnchantedPlate.
Found ItemStack BiblioCraft:item.EnchantedPlate. 1xitem.EnchantedPlate@0
The function override_item is deprecated. Please use override instead! This function will be removed in a future version!
override called. Params: BiblioCraft, item.BiblioRedBook, 0
Regex match found! BiblioCraft:item.BiblioRedBook matches BiblioCraft:item.BiblioRedBook.
Found ItemStack BiblioCraft:item.BiblioRedBook. 64xitem.BiblioRedBook@0
The function override_item is deprecated. Please use override instead! This function will be removed in a future version!
override called. Params: BiblioCraft, item.BiblioGlasses, 0
Regex match found! BiblioCraft:item.BiblioGlasses matches BiblioCraft:item.BiblioGlasses.
Found ItemStack BiblioCraft:item.BiblioGlasses. 1xitem.BiblioGlasses@0
The function override_item is deprecated. Please use override instead! This function will be removed in a future version!
override called. Params: BiblioCraft, item.BiblioDrill, 0
Regex match found! BiblioCraft:item.BiblioDrill matches BiblioCraft:item.BiblioDrill.
Found ItemStack BiblioCraft:item.BiblioDrill. 1xitem.BiblioDrill@0
The function override_item is deprecated. Please use override instead! This function will be removed in a future version!
override called. Params: BiblioCraft, item.BiblioCreativeLock, 0
Regex match found! BiblioCraft:item.BiblioCreativeLock matches BiblioCraft:item.BiblioCreativeLock.
Found ItemStack BiblioCraft:item.BiblioCreativeLock. 1xitem.BiblioCreativeLock@0
The function override_item is deprecated. Please use override instead! This function will be removed in a future version!
override called. Params: BiblioCraft, item.BiblioClipboard, 0
Regex match found! BiblioCraft:item.BiblioClipboard matches BiblioCraft:item.BiblioClipboard.
Found ItemStack BiblioCraft:item.BiblioClipboard. 1xitem.BiblioClipboard@0
The function override_item is deprecated. Please use override instead! This function will be removed in a future version!
override called. Params: BiblioCraft, item.seatBack, 0
Regex match found! BiblioCraft:item.seatBack matches BiblioCraft:item.seatBack.
Found ItemStack BiblioCraft:item.seatBack. 64xitem.seatBack@0
The function override_item is deprecated. Please use override instead! This function will be removed in a future version!
override called. Params: BiblioCraft, item.seatBack2, 0
Regex match found! BiblioCraft:item.seatBack2 matches BiblioCraft:item.seatBack2.
Found ItemStack BiblioCraft:item.seatBack2. 64xitem.seatBack@0
The function override_item is deprecated. Please use override instead! This function will be removed in a future version!
override called. Params: BiblioCraft, item.seatBack3, 0
Regex match found! BiblioCraft:item.seatBack3 matches BiblioCraft:item.seatBack3.
Found ItemStack BiblioCraft:item.seatBack3. 64xitem.seatBack@0
The function override_item is deprecated. Please use override instead! This function will be removed in a future version!
override called. Params: BiblioCraft, item.seatBack4, 0
Regex match found! BiblioCraft:item.seatBack4 matches BiblioCraft:item.seatBack4.
Found ItemStack BiblioCraft:item.seatBack4. 64xitem.seatBack@0
The function override_item is deprecated. Please use override instead! This function will be removed in a future version!
override called. Params: BiblioCraft, item.seatBack5, 0
Regex match found! BiblioCraft:item.seatBack5 matches BiblioCraft:item.seatBack5.
Found ItemStack BiblioCraft:item.seatBack5. 64xitem.seatBack@0
The function override_item is deprecated. Please use override instead! This function will be removed in a future version!
override called. Params: BiblioCraft, item.BiblioMapTool, 0
Regex match found! BiblioCraft:item.BiblioMapTool matches BiblioCraft:item.BiblioMapTool.
Found ItemStack BiblioCraft:item.BiblioMapTool. 1xitem.BiblioMapTool@0
The function override_item is deprecated. Please use override instead! This function will be removed in a future version!
override called. Params: BiblioCraft, item.BiblioWayPointCompass, 0
Regex match found! BiblioCraft:item.BiblioWayPointCompass matches BiblioCraft:item.BiblioWayPointCompass.
Found ItemStack BiblioCraft:item.BiblioWayPointCompass. 1xitem.BiblioWayPointCompass@0
The function override_item is deprecated. Please use override instead! This function will be removed in a future version!
override called. Params: BiblioCraft, item.HandDrill, 0
Regex match found! BiblioCraft:item.HandDrill matches BiblioCraft:item.HandDrill.
Found ItemStack BiblioCraft:item.HandDrill. 1xitem.HandDrill@0
The function override_item is deprecated. Please use override instead! This function will be removed in a future version!
override called. Params: BiblioCraft, item.BigBook, 0
Regex match found! BiblioCraft:item.BigBook matches BiblioCraft:item.BigBook.
Found ItemStack BiblioCraft:item.BigBook. 1xitem.BigBook@0
The function override_item is deprecated. Please use override instead! This function will be removed in a future version!
override called. Params: BiblioCraft, item.RecipeBook, 0
Regex match found! BiblioCraft:item.RecipeBook matches BiblioCraft:item.RecipeBook.
Found ItemStack BiblioCraft:item.RecipeBook. 1xitem.RecipeBook@0
The function override_item is deprecated. Please use override instead! This function will be removed in a future version!
override called. Params: BiblioCraft, item.SlottedBook, 0
Regex match found! BiblioCraft:item.SlottedBook matches BiblioCraft:item.SlottedBook.
Found ItemStack BiblioCraft:item.SlottedBook. 1xitem.SlottedBook@0
The function override_item is deprecated. Please use override instead! This function will be removed in a future version!
override called. Params: BiblioCraft, item.PaintingCanvas, 0
Regex match found! BiblioCraft:item.PaintingCanvas matches BiblioCraft:item.PaintingCanvas.
Found ItemStack BiblioCraft:item.PaintingCanvas. 64xitem.PaintingCanvas@0
The function override_item is deprecated. Please use override instead! This function will be removed in a future version!
override called. Params: BiblioCraft, item.AtlasBook, 0
Regex match found! BiblioCraft:item.AtlasBook matches BiblioCraft:item.AtlasBook.
Found ItemStack BiblioCraft:item.AtlasBook. 1xitem.AtlasBook@0
The function override_item is deprecated. Please use override instead! This function will be removed in a future version!
override called. Params: BiblioCraft, item.AtlasPlate, 0
Regex match found! BiblioCraft:item.AtlasPlate matches BiblioCraft:item.AtlasPlate.
Found ItemStack BiblioCraft:item.AtlasPlate. 1xitem.AtlasPlate@0
The function override_item is deprecated. Please use override instead! This function will be removed in a future version!
override called. Params: BiblioCraft, item.TesterItem, 0
Regex match found! BiblioCraft:item.TesterItem matches BiblioCraft:item.TesterItem.
Found ItemStack BiblioCraft:item.TesterItem. 1xitem.TesterItem@0
The function override_item is deprecated. Please use override instead! This function will be removed in a future version!
override called. Params: BiblioCraft, item.DeathCompass, 0
Regex match found! BiblioCraft:item.DeathCompass matches BiblioCraft:item.DeathCompass.
Found ItemStack BiblioCraft:item.DeathCompass. 64xitem.DeathCompass@0
Loading: AppliedEnergistics2.js
getFacadeItem called. Returned: appliedenergistics2:item.ItemFacade
getSubTypes called.
getNumberOfTypes called. Returned: 2186
The function override_item is deprecated. Please use override instead! This function will be removed in a future version!
override called. Params: appliedenergistics2, item.ItemFacade, 1646
Regex match found! appliedenergistics2:item.ItemFacade matches appliedenergistics2:item.ItemFacade.
Found ItemStack appliedenergistics2:item.ItemFacade. 64xitem.appliedenergistics2.ItemFacade@0
